[debug] [2019-08-04T02:47:36.511Z] ----------------------------------------------------------------------
[debug] [2019-08-04T02:47:36.513Z] Command:       /usr/local/Cellar/node/12.6.0/bin/node /usr/local/bin/firebase deploy
[debug] [2019-08-04T02:47:36.513Z] CLI Version:   7.2.2
[debug] [2019-08-04T02:47:36.513Z] Platform:      darwin
[debug] [2019-08-04T02:47:36.513Z] Node Version:  v12.6.0
[debug] [2019-08-04T02:47:36.514Z] Time:          Sun Aug 04 2019 06:47:36 GMT+0400 (Gulf Standard Time)
[debug] [2019-08-04T02:47:36.514Z] ----------------------------------------------------------------------
[debug] 
[debug] [2019-08-04T02:47:36.520Z] > command requires scopes: ["email","openid","https://www.googleapis.com/auth/cloudplatformprojects.readonly","https://www.googleapis.com/auth/firebase","https://www.googleapis.com/auth/cloud-platform"]
[debug] [2019-08-04T02:47:36.520Z] > authorizing via signed-in user
[debug] [2019-08-04T02:47:36.520Z] [iam] checking project pocket-seychelles for permissions ["firebase.projects.get","firebasehosting.sites.update"]
[debug] [2019-08-04T02:47:36.521Z] >>> HTTP REQUEST POST https://cloudresourcemanager.googleapis.com/v1/projects/pocket-seychelles:testIamPermissions  

[debug] [2019-08-04T02:47:38.547Z] <<< HTTP RESPONSE 200
[debug] [2019-08-04T02:47:38.550Z] >>> HTTP REQUEST GET https://firebase.googleapis.com/v1beta1/projects/pocket-seychelles  
 
[debug] [2019-08-04T02:47:39.365Z] <<< HTTP RESPONSE 200
[info] 
[info] === Deploying to 'pocket-seychelles'...
[info] 
[info] i  deploying hosting
[debug] [2019-08-04T02:47:39.367Z] >>> HTTP REQUEST POST https://firebasehosting.googleapis.com/v1beta1/sites/pocket-seychelles/versions  

[debug] [2019-08-04T02:47:41.765Z] <<< HTTP RESPONSE 200
[info] i  hosting[pocket-seychelles]: beginning deploy...
[info] i  hosting[pocket-seychelles]: found 18 files in build
[debug] [2019-08-04T02:47:41.775Z] [hosting] hash cache [YnVpbGQ] load error: lines is not defined
[debug] [2019-08-04T02:47:42.290Z] [hosting] hash cache [YnVpbGQ] stored for 18 files
[debug] [2019-08-04T02:47:42.291Z] [hosting][hash queue][FINAL]
[debug] [2019-08-04T02:47:42.291Z] >>> HTTP REQUEST POST https://firebasehosting.googleapis.com/v1beta1/sites/pocket-seychelles/versions/cf7471a5ae8f471b:populateFiles  
 <request body omitted>
[debug] [2019-08-04T02:47:44.687Z] <<< HTTP RESPONSE 200
[debug] [2019-08-04T02:47:44.690Z] [hosting][populate queue][FINAL]
[debug] [2019-08-04T02:47:44.691Z] [hosting] uploads queued: 4
